ERROR - 2022-08-22 02:47:26 --> Error connecting to the database: No connection could be made because the target machine actively refused it
CRITICAL - 2022-08-22 02:47:26 --> Unable to connect to the database.
Main connection [MySQLi]: No connection could be made because the target machine actively refused it
in SYSTEMPATH\Database\BaseConnection.php on line 416.
 1 SYSTEMPATH\Database\BaseConnection.php(586): CodeIgniter\Database\BaseConnection->initialize()
 2 SYSTEMPATH\Database\BaseBuilder.php(1585): CodeIgniter\Database\BaseConnection->query('SELECT *
FROM `dashboard_pegawai`', [], false)
 3 SYSTEMPATH\Model.php(222): CodeIgniter\Database\BaseBuilder->get()
 4 SYSTEMPATH\BaseModel.php(584): CodeIgniter\Model->doFindAll(0, 0)
 5 APPPATH\Controllers\Home.php(16): CodeIgniter\BaseModel->findAll()
 6 SYSTEMPATH\CodeIgniter.php(896): App\Controllers\Home->index()
 7 SYSTEMPATH\CodeIgniter.php(466): CodeIgniter\CodeIgniter->runController(Object(App\Controllers\Home))
 8 SYSTEMPATH\CodeIgniter.php(349): CodeIgniter\CodeIgniter->handleRequest(null, Object(Config\Cache), false)
 9 FCPATH\index.php(55): CodeIgniter\CodeIgniter->run()
10 SYSTEMPATH\Commands\Server\rewrite.php(43): require_once('FCPATH\\index.php')
CRITICAL - 2022-08-22 03:49:37 --> Undefined variable $base_Url
in APPPATH\Views\pegawai.php on line 17.
 1 APPPATH\Views\pegawai.php(17): CodeIgniter\Debug\Exceptions->errorHandler(2, 'Undefined variable $base_Url', 'APPPATH\\Views\\pegawai.php', 17)
 2 SYSTEMPATH\View\View.php(213): include('APPPATH\\Views\\pegawai.php')
 3 SYSTEMPATH\View\View.php(216): CodeIgniter\View\View->CodeIgniter\View\{closure}()
 4 SYSTEMPATH\Common.php(1135): CodeIgniter\View\View->render('pegawai', [], true)
 5 APPPATH\Controllers\Pegawai.php(13): view('pegawai', [...])
 6 SYSTEMPATH\CodeIgniter.php(896): App\Controllers\Pegawai->index()
 7 SYSTEMPATH\CodeIgniter.php(466): CodeIgniter\CodeIgniter->runController(Object(App\Controllers\Pegawai))
 8 SYSTEMPATH\CodeIgniter.php(349): CodeIgniter\CodeIgniter->handleRequest(null, Object(Config\Cache), false)
 9 FCPATH\index.php(55): CodeIgniter\CodeIgniter->run()
10 SYSTEMPATH\Commands\Server\rewrite.php(43): require_once('FCPATH\\index.php')
CRITICAL - 2022-08-22 03:49:50 --> Undefined variable $base_Url
in APPPATH\Views\pegawai.php on line 17.
 1 APPPATH\Views\pegawai.php(17): CodeIgniter\Debug\Exceptions->errorHandler(2, 'Undefined variable $base_Url', 'APPPATH\\Views\\pegawai.php', 17)
 2 SYSTEMPATH\View\View.php(213): include('APPPATH\\Views\\pegawai.php')
 3 SYSTEMPATH\View\View.php(216): CodeIgniter\View\View->CodeIgniter\View\{closure}()
 4 SYSTEMPATH\Common.php(1135): CodeIgniter\View\View->render('pegawai', [], true)
 5 APPPATH\Controllers\Pegawai.php(13): view('pegawai', [...])
 6 SYSTEMPATH\CodeIgniter.php(896): App\Controllers\Pegawai->index()
 7 SYSTEMPATH\CodeIgniter.php(466): CodeIgniter\CodeIgniter->runController(Object(App\Controllers\Pegawai))
 8 SYSTEMPATH\CodeIgniter.php(349): CodeIgniter\CodeIgniter->handleRequest(null, Object(Config\Cache), false)
 9 FCPATH\index.php(55): CodeIgniter\CodeIgniter->run()
10 SYSTEMPATH\Commands\Server\rewrite.php(43): require_once('FCPATH\\index.php')
CRITICAL - 2022-08-22 03:49:59 --> Undefined variable $base_Url
in APPPATH\Views\pegawai.php on line 17.
 1 APPPATH\Views\pegawai.php(17): CodeIgniter\Debug\Exceptions->errorHandler(2, 'Undefined variable $base_Url', 'APPPATH\\Views\\pegawai.php', 17)
 2 SYSTEMPATH\View\View.php(213): include('APPPATH\\Views\\pegawai.php')
 3 SYSTEMPATH\View\View.php(216): CodeIgniter\View\View->CodeIgniter\View\{closure}()
 4 SYSTEMPATH\Common.php(1135): CodeIgniter\View\View->render('pegawai', [], true)
 5 APPPATH\Controllers\Pegawai.php(13): view('pegawai', [...])
 6 SYSTEMPATH\CodeIgniter.php(896): App\Controllers\Pegawai->index()
 7 SYSTEMPATH\CodeIgniter.php(466): CodeIgniter\CodeIgniter->runController(Object(App\Controllers\Pegawai))
 8 SYSTEMPATH\CodeIgniter.php(349): CodeIgniter\CodeIgniter->handleRequest(null, Object(Config\Cache), false)
 9 FCPATH\index.php(55): CodeIgniter\CodeIgniter->run()
10 SYSTEMPATH\Commands\Server\rewrite.php(43): require_once('FCPATH\\index.php')
CRITICAL - 2022-08-22 03:50:00 --> Undefined variable $base_Url
in APPPATH\Views\pegawai.php on line 17.
 1 APPPATH\Views\pegawai.php(17): CodeIgniter\Debug\Exceptions->errorHandler(2, 'Undefined variable $base_Url', 'APPPATH\\Views\\pegawai.php', 17)
 2 SYSTEMPATH\View\View.php(213): include('APPPATH\\Views\\pegawai.php')
 3 SYSTEMPATH\View\View.php(216): CodeIgniter\View\View->CodeIgniter\View\{closure}()
 4 SYSTEMPATH\Common.php(1135): CodeIgniter\View\View->render('pegawai', [], true)
 5 APPPATH\Controllers\Pegawai.php(13): view('pegawai', [...])
 6 SYSTEMPATH\CodeIgniter.php(896): App\Controllers\Pegawai->index()
 7 SYSTEMPATH\CodeIgniter.php(466): CodeIgniter\CodeIgniter->runController(Object(App\Controllers\Pegawai))
 8 SYSTEMPATH\CodeIgniter.php(349): CodeIgniter\CodeIgniter->handleRequest(null, Object(Config\Cache), false)
 9 FCPATH\index.php(55): CodeIgniter\CodeIgniter->run()
10 SYSTEMPATH\Commands\Server\rewrite.php(43): require_once('FCPATH\\index.php')
CRITICAL - 2022-08-22 03:50:06 --> Undefined variable $base_Url
in APPPATH\Views\pegawai.php on line 17.
 1 APPPATH\Views\pegawai.php(17): CodeIgniter\Debug\Exceptions->errorHandler(2, 'Undefined variable $base_Url', 'APPPATH\\Views\\pegawai.php', 17)
 2 SYSTEMPATH\View\View.php(213): include('APPPATH\\Views\\pegawai.php')
 3 SYSTEMPATH\View\View.php(216): CodeIgniter\View\View->CodeIgniter\View\{closure}()
 4 SYSTEMPATH\Common.php(1135): CodeIgniter\View\View->render('pegawai', [], true)
 5 APPPATH\Controllers\Pegawai.php(13): view('pegawai', [...])
 6 SYSTEMPATH\CodeIgniter.php(896): App\Controllers\Pegawai->index()
 7 SYSTEMPATH\CodeIgniter.php(466): CodeIgniter\CodeIgniter->runController(Object(App\Controllers\Pegawai))
 8 SYSTEMPATH\CodeIgniter.php(349): CodeIgniter\CodeIgniter->handleRequest(null, Object(Config\Cache), false)
 9 FCPATH\index.php(55): CodeIgniter\CodeIgniter->run()
10 SYSTEMPATH\Commands\Server\rewrite.php(43): require_once('FCPATH\\index.php')
CRITICAL - 2022-08-22 06:10:52 --> Undefined array key "ttl"
in APPPATH\Views\pegawai.php on line 70.
 1 APPPATH\Views\pegawai.php(70): CodeIgniter\Debug\Exceptions->errorHandler(2, 'Undefined array key "ttl"', 'APPPATH\\Views\\pegawai.php', 70)
 2 SYSTEMPATH\View\View.php(213): include('APPPATH\\Views\\pegawai.php')
 3 SYSTEMPATH\View\View.php(216): CodeIgniter\View\View->CodeIgniter\View\{closure}()
 4 SYSTEMPATH\Common.php(1135): CodeIgniter\View\View->render('pegawai', [], true)
 5 APPPATH\Controllers\Pegawai.php(22): view('pegawai', [...])
 6 SYSTEMPATH\CodeIgniter.php(896): App\Controllers\Pegawai->index()
 7 SYSTEMPATH\CodeIgniter.php(466): CodeIgniter\CodeIgniter->runController(Object(App\Controllers\Pegawai))
 8 SYSTEMPATH\CodeIgniter.php(349): CodeIgniter\CodeIgniter->handleRequest(null, Object(Config\Cache), false)
 9 FCPATH\index.php(55): CodeIgniter\CodeIgniter->run()
10 SYSTEMPATH\Commands\Server\rewrite.php(43): require_once('FCPATH\\index.php')
CRITICAL - 2022-08-22 06:12:31 --> Undefined array key "TTL"
in APPPATH\Views\pegawai.php on line 70.
 1 APPPATH\Views\pegawai.php(70): CodeIgniter\Debug\Exceptions->errorHandler(2, 'Undefined array key "TTL"', 'APPPATH\\Views\\pegawai.php', 70)
 2 SYSTEMPATH\View\View.php(213): include('APPPATH\\Views\\pegawai.php')
 3 SYSTEMPATH\View\View.php(216): CodeIgniter\View\View->CodeIgniter\View\{closure}()
 4 SYSTEMPATH\Common.php(1135): CodeIgniter\View\View->render('pegawai', [], true)
 5 APPPATH\Controllers\Pegawai.php(22): view('pegawai', [...])
 6 SYSTEMPATH\CodeIgniter.php(896): App\Controllers\Pegawai->index()
 7 SYSTEMPATH\CodeIgniter.php(466): CodeIgniter\CodeIgniter->runController(Object(App\Controllers\Pegawai))
 8 SYSTEMPATH\CodeIgniter.php(349): CodeIgniter\CodeIgniter->handleRequest(null, Object(Config\Cache), false)
 9 FCPATH\index.php(55): CodeIgniter\CodeIgniter->run()
10 SYSTEMPATH\Commands\Server\rewrite.php(43): require_once('FCPATH\\index.php')
CRITICAL - 2022-08-22 06:14:59 --> Undefined array key "ttl"
in APPPATH\Views\pegawai.php on line 70.
 1 APPPATH\Views\pegawai.php(70): CodeIgniter\Debug\Exceptions->errorHandler(2, 'Undefined array key "ttl"', 'APPPATH\\Views\\pegawai.php', 70)
 2 SYSTEMPATH\View\View.php(213): include('APPPATH\\Views\\pegawai.php')
 3 SYSTEMPATH\View\View.php(216): CodeIgniter\View\View->CodeIgniter\View\{closure}()
 4 SYSTEMPATH\Common.php(1135): CodeIgniter\View\View->render('pegawai', [], true)
 5 APPPATH\Controllers\Pegawai.php(22): view('pegawai', [...])
 6 SYSTEMPATH\CodeIgniter.php(896): App\Controllers\Pegawai->index()
 7 SYSTEMPATH\CodeIgniter.php(466): CodeIgniter\CodeIgniter->runController(Object(App\Controllers\Pegawai))
 8 SYSTEMPATH\CodeIgniter.php(349): CodeIgniter\CodeIgniter->handleRequest(null, Object(Config\Cache), false)
 9 FCPATH\index.php(55): CodeIgniter\CodeIgniter->run()
10 SYSTEMPATH\Commands\Server\rewrite.php(43): require_once('FCPATH\\index.php')
CRITICAL - 2022-08-22 06:21:18 --> Undefined array key "ttl"
in APPPATH\Views\pegawai.php on line 70.
 1 APPPATH\Views\pegawai.php(70): CodeIgniter\Debug\Exceptions->errorHandler(2, 'Undefined array key "ttl"', 'APPPATH\\Views\\pegawai.php', 70)
 2 SYSTEMPATH\View\View.php(213): include('APPPATH\\Views\\pegawai.php')
 3 SYSTEMPATH\View\View.php(216): CodeIgniter\View\View->CodeIgniter\View\{closure}()
 4 SYSTEMPATH\Common.php(1135): CodeIgniter\View\View->render('pegawai', [], true)
 5 APPPATH\Controllers\Pegawai.php(22): view('pegawai', [...])
 6 SYSTEMPATH\CodeIgniter.php(896): App\Controllers\Pegawai->index()
 7 SYSTEMPATH\CodeIgniter.php(466): CodeIgniter\CodeIgniter->runController(Object(App\Controllers\Pegawai))
 8 SYSTEMPATH\CodeIgniter.php(349): CodeIgniter\CodeIgniter->handleRequest(null, Object(Config\Cache), false)
 9 FCPATH\index.php(55): CodeIgniter\CodeIgniter->run()
10 SYSTEMPATH\Commands\Server\rewrite.php(43): require_once('FCPATH\\index.php')
CRITICAL - 2022-08-22 06:21:29 --> Undefined array key "ttl"
in APPPATH\Views\pegawai.php on line 70.
 1 APPPATH\Views\pegawai.php(70): CodeIgniter\Debug\Exceptions->errorHandler(2, 'Undefined array key "ttl"', 'APPPATH\\Views\\pegawai.php', 70)
 2 SYSTEMPATH\View\View.php(213): include('APPPATH\\Views\\pegawai.php')
 3 SYSTEMPATH\View\View.php(216): CodeIgniter\View\View->CodeIgniter\View\{closure}()
 4 SYSTEMPATH\Common.php(1135): CodeIgniter\View\View->render('pegawai', [], true)
 5 APPPATH\Controllers\Pegawai.php(22): view('pegawai', [...])
 6 SYSTEMPATH\CodeIgniter.php(896): App\Controllers\Pegawai->index()
 7 SYSTEMPATH\CodeIgniter.php(466): CodeIgniter\CodeIgniter->runController(Object(App\Controllers\Pegawai))
 8 SYSTEMPATH\CodeIgniter.php(349): CodeIgniter\CodeIgniter->handleRequest(null, Object(Config\Cache), false)
 9 FCPATH\index.php(55): CodeIgniter\CodeIgniter->run()
10 SYSTEMPATH\Commands\Server\rewrite.php(43): require_once('FCPATH\\index.php')
CRITICAL - 2022-08-22 06:21:31 --> Undefined array key "ttl"
in APPPATH\Views\pegawai.php on line 70.
 1 APPPATH\Views\pegawai.php(70): CodeIgniter\Debug\Exceptions->errorHandler(2, 'Undefined array key "ttl"', 'APPPATH\\Views\\pegawai.php', 70)
 2 SYSTEMPATH\View\View.php(213): include('APPPATH\\Views\\pegawai.php')
 3 SYSTEMPATH\View\View.php(216): CodeIgniter\View\View->CodeIgniter\View\{closure}()
 4 SYSTEMPATH\Common.php(1135): CodeIgniter\View\View->render('pegawai', [], true)
 5 APPPATH\Controllers\Pegawai.php(22): view('pegawai', [...])
 6 SYSTEMPATH\CodeIgniter.php(896): App\Controllers\Pegawai->index()
 7 SYSTEMPATH\CodeIgniter.php(466): CodeIgniter\CodeIgniter->runController(Object(App\Controllers\Pegawai))
 8 SYSTEMPATH\CodeIgniter.php(349): CodeIgniter\CodeIgniter->handleRequest(null, Object(Config\Cache), false)
 9 FCPATH\index.php(55): CodeIgniter\CodeIgniter->run()
10 SYSTEMPATH\Commands\Server\rewrite.php(43): require_once('FCPATH\\index.php')
CRITICAL - 2022-08-22 06:21:43 --> Undefined array key "ttl"
in APPPATH\Views\pegawai.php on line 70.
 1 APPPATH\Views\pegawai.php(70): CodeIgniter\Debug\Exceptions->errorHandler(2, 'Undefined array key "ttl"', 'APPPATH\\Views\\pegawai.php', 70)
 2 SYSTEMPATH\View\View.php(213): include('APPPATH\\Views\\pegawai.php')
 3 SYSTEMPATH\View\View.php(216): CodeIgniter\View\View->CodeIgniter\View\{closure}()
 4 SYSTEMPATH\Common.php(1135): CodeIgniter\View\View->render('pegawai', [], true)
 5 APPPATH\Controllers\Pegawai.php(22): view('pegawai', [...])
 6 SYSTEMPATH\CodeIgniter.php(896): App\Controllers\Pegawai->index()
 7 SYSTEMPATH\CodeIgniter.php(466): CodeIgniter\CodeIgniter->runController(Object(App\Controllers\Pegawai))
 8 SYSTEMPATH\CodeIgniter.php(349): CodeIgniter\CodeIgniter->handleRequest(null, Object(Config\Cache), false)
 9 FCPATH\index.php(55): CodeIgniter\CodeIgniter->run()
10 SYSTEMPATH\Commands\Server\rewrite.php(43): require_once('FCPATH\\index.php')
CRITICAL - 2022-08-22 06:30:46 --> Undefined array key "ttl"
in APPPATH\Views\pegawai.php on line 70.
 1 APPPATH\Views\pegawai.php(70): CodeIgniter\Debug\Exceptions->errorHandler(2, 'Undefined array key "ttl"', 'APPPATH\\Views\\pegawai.php', 70)
 2 SYSTEMPATH\View\View.php(213): include('APPPATH\\Views\\pegawai.php')
 3 SYSTEMPATH\View\View.php(216): CodeIgniter\View\View->CodeIgniter\View\{closure}()
 4 SYSTEMPATH\Common.php(1135): CodeIgniter\View\View->render('pegawai', [], true)
 5 APPPATH\Controllers\Pegawai.php(22): view('pegawai', [...])
 6 SYSTEMPATH\CodeIgniter.php(896): App\Controllers\Pegawai->index()
 7 SYSTEMPATH\CodeIgniter.php(466): CodeIgniter\CodeIgniter->runController(Object(App\Controllers\Pegawai))
 8 SYSTEMPATH\CodeIgniter.php(349): CodeIgniter\CodeIgniter->handleRequest(null, Object(Config\Cache), false)
 9 FCPATH\index.php(55): CodeIgniter\CodeIgniter->run()
10 SYSTEMPATH\Commands\Server\rewrite.php(43): require_once('FCPATH\\index.php')
CRITICAL - 2022-08-22 06:59:03 --> Undefined array key "ttl"
in APPPATH\Views\pegawai.php on line 70.
 1 APPPATH\Views\pegawai.php(70): CodeIgniter\Debug\Exceptions->errorHandler(2, 'Undefined array key "ttl"', 'APPPATH\\Views\\pegawai.php', 70)
 2 SYSTEMPATH\View\View.php(213): include('APPPATH\\Views\\pegawai.php')
 3 SYSTEMPATH\View\View.php(216): CodeIgniter\View\View->CodeIgniter\View\{closure}()
 4 SYSTEMPATH\Common.php(1135): CodeIgniter\View\View->render('pegawai', [], true)
 5 APPPATH\Controllers\Pegawai.php(22): view('pegawai', [...])
 6 SYSTEMPATH\CodeIgniter.php(896): App\Controllers\Pegawai->index()
 7 SYSTEMPATH\CodeIgniter.php(466): CodeIgniter\CodeIgniter->runController(Object(App\Controllers\Pegawai))
 8 SYSTEMPATH\CodeIgniter.php(349): CodeIgniter\CodeIgniter->handleRequest(null, Object(Config\Cache), false)
 9 FCPATH\index.php(55): CodeIgniter\CodeIgniter->run()
10 SYSTEMPATH\Commands\Server\rewrite.php(43): require_once('FCPATH\\index.php')
CRITICAL - 2022-08-22 06:59:40 --> Undefined array key "ttl"
in APPPATH\Views\pegawai.php on line 70.
 1 APPPATH\Views\pegawai.php(70): CodeIgniter\Debug\Exceptions->errorHandler(2, 'Undefined array key "ttl"', 'APPPATH\\Views\\pegawai.php', 70)
 2 SYSTEMPATH\View\View.php(213): include('APPPATH\\Views\\pegawai.php')
 3 SYSTEMPATH\View\View.php(216): CodeIgniter\View\View->CodeIgniter\View\{closure}()
 4 SYSTEMPATH\Common.php(1135): CodeIgniter\View\View->render('pegawai', [], true)
 5 APPPATH\Controllers\Pegawai.php(22): view('pegawai', [...])
 6 SYSTEMPATH\CodeIgniter.php(896): App\Controllers\Pegawai->index()
 7 SYSTEMPATH\CodeIgniter.php(466): CodeIgniter\CodeIgniter->runController(Object(App\Controllers\Pegawai))
 8 SYSTEMPATH\CodeIgniter.php(349): CodeIgniter\CodeIgniter->handleRequest(null, Object(Config\Cache), false)
 9 FCPATH\index.php(55): CodeIgniter\CodeIgniter->run()
10 SYSTEMPATH\Commands\Server\rewrite.php(43): require_once('FCPATH\\index.php')
CRITICAL - 2022-08-22 08:05:34 --> Undefined array key "ttl"
in APPPATH\Views\pegawai.php on line 70.
 1 APPPATH\Views\pegawai.php(70): CodeIgniter\Debug\Exceptions->errorHandler(2, 'Undefined array key "ttl"', 'APPPATH\\Views\\pegawai.php', 70)
 2 SYSTEMPATH\View\View.php(213): include('APPPATH\\Views\\pegawai.php')
 3 SYSTEMPATH\View\View.php(216): CodeIgniter\View\View->CodeIgniter\View\{closure}()
 4 SYSTEMPATH\Common.php(1135): CodeIgniter\View\View->render('pegawai', [], true)
 5 APPPATH\Controllers\Pegawai.php(22): view('pegawai', [...])
 6 SYSTEMPATH\CodeIgniter.php(896): App\Controllers\Pegawai->index()
 7 SYSTEMPATH\CodeIgniter.php(466): CodeIgniter\CodeIgniter->runController(Object(App\Controllers\Pegawai))
 8 SYSTEMPATH\CodeIgniter.php(349): CodeIgniter\CodeIgniter->handleRequest(null, Object(Config\Cache), false)
 9 FCPATH\index.php(55): CodeIgniter\CodeIgniter->run()
10 SYSTEMPATH\Commands\Server\rewrite.php(43): require_once('FCPATH\\index.php')
CRITICAL - 2022-08-22 08:08:25 --> Undefined array key "jenis_kelamin"
in APPPATH\Views\pegawai.php on line 71.
 1 APPPATH\Views\pegawai.php(71): CodeIgniter\Debug\Exceptions->errorHandler(2, 'Undefined array key "jenis_kelamin"', 'APPPATH\\Views\\pegawai.php', 71)
 2 SYSTEMPATH\View\View.php(213): include('APPPATH\\Views\\pegawai.php')
 3 SYSTEMPATH\View\View.php(216): CodeIgniter\View\View->CodeIgniter\View\{closure}()
 4 SYSTEMPATH\Common.php(1135): CodeIgniter\View\View->render('pegawai', [], true)
 5 APPPATH\Controllers\Pegawai.php(22): view('pegawai', [...])
 6 SYSTEMPATH\CodeIgniter.php(896): App\Controllers\Pegawai->index()
 7 SYSTEMPATH\CodeIgniter.php(466): CodeIgniter\CodeIgniter->runController(Object(App\Controllers\Pegawai))
 8 SYSTEMPATH\CodeIgniter.php(349): CodeIgniter\CodeIgniter->handleRequest(null, Object(Config\Cache), false)
 9 FCPATH\index.php(55): CodeIgniter\CodeIgniter->run()
10 SYSTEMPATH\Commands\Server\rewrite.php(43): require_once('FCPATH\\index.php')
CRITICAL - 2022-08-22 08:08:42 --> Undefined array key "alamat"
in APPPATH\Views\pegawai.php on line 72.
 1 APPPATH\Views\pegawai.php(72): CodeIgniter\Debug\Exceptions->errorHandler(2, 'Undefined array key "alamat"', 'APPPATH\\Views\\pegawai.php', 72)
 2 SYSTEMPATH\View\View.php(213): include('APPPATH\\Views\\pegawai.php')
 3 SYSTEMPATH\View\View.php(216): CodeIgniter\View\View->CodeIgniter\View\{closure}()
 4 SYSTEMPATH\Common.php(1135): CodeIgniter\View\View->render('pegawai', [], true)
 5 APPPATH\Controllers\Pegawai.php(22): view('pegawai', [...])
 6 SYSTEMPATH\CodeIgniter.php(896): App\Controllers\Pegawai->index()
 7 SYSTEMPATH\CodeIgniter.php(466): CodeIgniter\CodeIgniter->runController(Object(App\Controllers\Pegawai))
 8 SYSTEMPATH\CodeIgniter.php(349): CodeIgniter\CodeIgniter->handleRequest(null, Object(Config\Cache), false)
 9 FCPATH\index.php(55): CodeIgniter\CodeIgniter->run()
10 SYSTEMPATH\Commands\Server\rewrite.php(43): require_once('FCPATH\\index.php')
CRITICAL - 2022-08-22 08:08:58 --> Undefined array key "jumlah_kehadiran"
in APPPATH\Views\pegawai.php on line 74.
 1 APPPATH\Views\pegawai.php(74): CodeIgniter\Debug\Exceptions->errorHandler(2, 'Undefined array key "jumlah_kehadiran"', 'APPPATH\\Views\\pegawai.php', 74)
 2 SYSTEMPATH\View\View.php(213): include('APPPATH\\Views\\pegawai.php')
 3 SYSTEMPATH\View\View.php(216): CodeIgniter\View\View->CodeIgniter\View\{closure}()
 4 SYSTEMPATH\Common.php(1135): CodeIgniter\View\View->render('pegawai', [], true)
 5 APPPATH\Controllers\Pegawai.php(22): view('pegawai', [...])
 6 SYSTEMPATH\CodeIgniter.php(896): App\Controllers\Pegawai->index()
 7 SYSTEMPATH\CodeIgniter.php(466): CodeIgniter\CodeIgniter->runController(Object(App\Controllers\Pegawai))
 8 SYSTEMPATH\CodeIgniter.php(349): CodeIgniter\CodeIgniter->handleRequest(null, Object(Config\Cache), false)
 9 FCPATH\index.php(55): CodeIgniter\CodeIgniter->run()
10 SYSTEMPATH\Commands\Server\rewrite.php(43): require_once('FCPATH\\index.php')
CRITICAL - 2022-08-22 08:09:22 --> Undefined array key "total_lembur"
in APPPATH\Views\pegawai.php on line 75.
 1 APPPATH\Views\pegawai.php(75): CodeIgniter\Debug\Exceptions->errorHandler(2, 'Undefined array key "total_lembur"', 'APPPATH\\Views\\pegawai.php', 75)
 2 SYSTEMPATH\View\View.php(213): include('APPPATH\\Views\\pegawai.php')
 3 SYSTEMPATH\View\View.php(216): CodeIgniter\View\View->CodeIgniter\View\{closure}()
 4 SYSTEMPATH\Common.php(1135): CodeIgniter\View\View->render('pegawai', [], true)
 5 APPPATH\Controllers\Pegawai.php(22): view('pegawai', [...])
 6 SYSTEMPATH\CodeIgniter.php(896): App\Controllers\Pegawai->index()
 7 SYSTEMPATH\CodeIgniter.php(466): CodeIgniter\CodeIgniter->runController(Object(App\Controllers\Pegawai))
 8 SYSTEMPATH\CodeIgniter.php(349): CodeIgniter\CodeIgniter->handleRequest(null, Object(Config\Cache), false)
 9 FCPATH\index.php(55): CodeIgniter\CodeIgniter->run()
10 SYSTEMPATH\Commands\Server\rewrite.php(43): require_once('FCPATH\\index.php')
CRITICAL - 2022-08-22 08:09:35 --> Undefined array key "nominal_gaji"
in APPPATH\Views\pegawai.php on line 76.
 1 APPPATH\Views\pegawai.php(76): CodeIgniter\Debug\Exceptions->errorHandler(2, 'Undefined array key "nominal_gaji"', 'APPPATH\\Views\\pegawai.php', 76)
 2 SYSTEMPATH\View\View.php(213): include('APPPATH\\Views\\pegawai.php')
 3 SYSTEMPATH\View\View.php(216): CodeIgniter\View\View->CodeIgniter\View\{closure}()
 4 SYSTEMPATH\Common.php(1135): CodeIgniter\View\View->render('pegawai', [], true)
 5 APPPATH\Controllers\Pegawai.php(22): view('pegawai', [...])
 6 SYSTEMPATH\CodeIgniter.php(896): App\Controllers\Pegawai->index()
 7 SYSTEMPATH\CodeIgniter.php(466): CodeIgniter\CodeIgniter->runController(Object(App\Controllers\Pegawai))
 8 SYSTEMPATH\CodeIgniter.php(349): CodeIgniter\CodeIgniter->handleRequest(null, Object(Config\Cache), false)
 9 FCPATH\index.php(55): CodeIgniter\CodeIgniter->run()
10 SYSTEMPATH\Commands\Server\rewrite.php(43): require_once('FCPATH\\index.php')
CRITICAL - 2022-08-22 08:12:20 --> Undefined array key "ttl"
in APPPATH\Views\pegawai.php on line 71.
 1 APPPATH\Views\pegawai.php(71): CodeIgniter\Debug\Exceptions->errorHandler(2, 'Undefined array key "ttl"', 'APPPATH\\Views\\pegawai.php', 71)
 2 SYSTEMPATH\View\View.php(213): include('APPPATH\\Views\\pegawai.php')
 3 SYSTEMPATH\View\View.php(216): CodeIgniter\View\View->CodeIgniter\View\{closure}()
 4 SYSTEMPATH\Common.php(1135): CodeIgniter\View\View->render('pegawai', [], true)
 5 APPPATH\Controllers\Pegawai.php(22): view('pegawai', [...])
 6 SYSTEMPATH\CodeIgniter.php(896): App\Controllers\Pegawai->index()
 7 SYSTEMPATH\CodeIgniter.php(466): CodeIgniter\CodeIgniter->runController(Object(App\Controllers\Pegawai))
 8 SYSTEMPATH\CodeIgniter.php(349): CodeIgniter\CodeIgniter->handleRequest(null, Object(Config\Cache), false)
 9 FCPATH\index.php(55): CodeIgniter\CodeIgniter->run()
10 SYSTEMPATH\Commands\Server\rewrite.php(43): require_once('FCPATH\\index.php')
CRITICAL - 2022-08-22 11:19:14 --> Undefined variable $s
in APPPATH\Views\pegawai.php on line 98.
 1 APPPATH\Views\pegawai.php(98): CodeIgniter\Debug\Exceptions->errorHandler(2, 'Undefined variable $s', 'APPPATH\\Views\\pegawai.php', 98)
 2 SYSTEMPATH\View\View.php(213): include('APPPATH\\Views\\pegawai.php')
 3 SYSTEMPATH\View\View.php(216): CodeIgniter\View\View->CodeIgniter\View\{closure}()
 4 SYSTEMPATH\Common.php(1135): CodeIgniter\View\View->render('pegawai', [], true)
 5 APPPATH\Controllers\Pegawai.php(23): view('pegawai', [...])
 6 SYSTEMPATH\CodeIgniter.php(896): App\Controllers\Pegawai->index()
 7 SYSTEMPATH\CodeIgniter.php(466): CodeIgniter\CodeIgniter->runController(Object(App\Controllers\Pegawai))
 8 SYSTEMPATH\CodeIgniter.php(349): CodeIgniter\CodeIgniter->handleRequest(null, Object(Config\Cache), false)
 9 FCPATH\index.php(55): CodeIgniter\CodeIgniter->run()
10 SYSTEMPATH\Commands\Server\rewrite.php(43): require_once('FCPATH\\index.php')
CRITICAL - 2022-08-22 11:32:13 --> Undefined variable $i
in APPPATH\Views\pegawai.php on line 87.
 1 APPPATH\Views\pegawai.php(87): CodeIgniter\Debug\Exceptions->errorHandler(2, 'Undefined variable $i', 'APPPATH\\Views\\pegawai.php', 87)
 2 SYSTEMPATH\View\View.php(213): include('APPPATH\\Views\\pegawai.php')
 3 SYSTEMPATH\View\View.php(216): CodeIgniter\View\View->CodeIgniter\View\{closure}()
 4 SYSTEMPATH\Common.php(1135): CodeIgniter\View\View->render('pegawai', [], true)
 5 APPPATH\Controllers\Pegawai.php(23): view('pegawai', [...])
 6 SYSTEMPATH\CodeIgniter.php(896): App\Controllers\Pegawai->index()
 7 SYSTEMPATH\CodeIgniter.php(466): CodeIgniter\CodeIgniter->runController(Object(App\Controllers\Pegawai))
 8 SYSTEMPATH\CodeIgniter.php(349): CodeIgniter\CodeIgniter->handleRequest(null, Object(Config\Cache), false)
 9 FCPATH\index.php(55): CodeIgniter\CodeIgniter->run()
10 SYSTEMPATH\Commands\Server\rewrite.php(43): require_once('FCPATH\\index.php')
CRITICAL - 2022-08-22 11:53:50 --> Undefined variable $pager
in APPPATH\Views\pegawai.php on line 105.
 1 APPPATH\Views\pegawai.php(105): CodeIgniter\Debug\Exceptions->errorHandler(2, 'Undefined variable $pager', 'APPPATH\\Views\\pegawai.php', 105)
 2 SYSTEMPATH\View\View.php(213): include('APPPATH\\Views\\pegawai.php')
 3 SYSTEMPATH\View\View.php(216): CodeIgniter\View\View->CodeIgniter\View\{closure}()
 4 SYSTEMPATH\Common.php(1135): CodeIgniter\View\View->render('pegawai', [], true)
 5 APPPATH\Controllers\Pegawai.php(23): view('pegawai', [...])
 6 SYSTEMPATH\CodeIgniter.php(896): App\Controllers\Pegawai->index()
 7 SYSTEMPATH\CodeIgniter.php(466): CodeIgniter\CodeIgniter->runController(Object(App\Controllers\Pegawai))
 8 SYSTEMPATH\CodeIgniter.php(349): CodeIgniter\CodeIgniter->handleRequest(null, Object(Config\Cache), false)
 9 FCPATH\index.php(55): CodeIgniter\CodeIgniter->run()
10 SYSTEMPATH\Commands\Server\rewrite.php(43): require_once('FCPATH\\index.php')
CRITICAL - 2022-08-22 11:57:07 --> Undefined property: App\Controllers\Pegawai::$pegawaiModel
in APPPATH\Controllers\Pegawai.php on line 21.
 1 APPPATH\Controllers\Pegawai.php(21): CodeIgniter\Debug\Exceptions->errorHandler(2, 'Undefined property: App\\Controllers\\Pegawai::$pegawaiModel', 'APPPATH\\Controllers\\Pegawai.php', 21)
 2 SYSTEMPATH\CodeIgniter.php(896): App\Controllers\Pegawai->index()
 3 SYSTEMPATH\CodeIgniter.php(466): CodeIgniter\CodeIgniter->runController(Object(App\Controllers\Pegawai))
 4 SYSTEMPATH\CodeIgniter.php(349): CodeIgniter\CodeIgniter->handleRequest(null, Object(Config\Cache), false)
 5 FCPATH\index.php(55): CodeIgniter\CodeIgniter->run()
 6 SYSTEMPATH\Commands\Server\rewrite.php(43): require_once('FCPATH\\index.php')
CRITICAL - 2022-08-22 11:57:36 --> Call to a member function links() on null
in APPPATH\Views\pegawai.php on line 105.
 1 SYSTEMPATH\View\View.php(213): include()
 2 SYSTEMPATH\View\View.php(216): CodeIgniter\View\View->CodeIgniter\View\{closure}()
 3 SYSTEMPATH\Common.php(1135): CodeIgniter\View\View->render('pegawai', [], true)
 4 APPPATH\Controllers\Pegawai.php(25): view('pegawai', [...])
 5 SYSTEMPATH\CodeIgniter.php(896): App\Controllers\Pegawai->index()
 6 SYSTEMPATH\CodeIgniter.php(466): CodeIgniter\CodeIgniter->runController(Object(App\Controllers\Pegawai))
 7 SYSTEMPATH\CodeIgniter.php(349): CodeIgniter\CodeIgniter->handleRequest(null, Object(Config\Cache), false)
 8 FCPATH\index.php(55): CodeIgniter\CodeIgniter->run()
 9 SYSTEMPATH\Commands\Server\rewrite.php(43): require_once('FCPATH\\index.php')
CRITICAL - 2022-08-22 12:03:25 --> Call to a member function links() on null
in APPPATH\Views\pegawai.php on line 105.
 1 SYSTEMPATH\View\View.php(213): include()
 2 SYSTEMPATH\View\View.php(216): CodeIgniter\View\View->CodeIgniter\View\{closure}()
 3 SYSTEMPATH\Common.php(1135): CodeIgniter\View\View->render('pegawai', [], true)
 4 APPPATH\Controllers\Pegawai.php(25): view('pegawai', [...])
 5 SYSTEMPATH\CodeIgniter.php(896): App\Controllers\Pegawai->index()
 6 SYSTEMPATH\CodeIgniter.php(466): CodeIgniter\CodeIgniter->runController(Object(App\Controllers\Pegawai))
 7 SYSTEMPATH\CodeIgniter.php(349): CodeIgniter\CodeIgniter->handleRequest(null, Object(Config\Cache), false)
 8 FCPATH\index.php(55): CodeIgniter\CodeIgniter->run()
 9 SYSTEMPATH\Commands\Server\rewrite.php(43): require_once('FCPATH\\index.php')
CRITICAL - 2022-08-22 12:03:27 --> Call to a member function links() on null
in APPPATH\Views\pegawai.php on line 105.
 1 SYSTEMPATH\View\View.php(213): include()
 2 SYSTEMPATH\View\View.php(216): CodeIgniter\View\View->CodeIgniter\View\{closure}()
 3 SYSTEMPATH\Common.php(1135): CodeIgniter\View\View->render('pegawai', [], true)
 4 APPPATH\Controllers\Pegawai.php(25): view('pegawai', [...])
 5 SYSTEMPATH\CodeIgniter.php(896): App\Controllers\Pegawai->index()
 6 SYSTEMPATH\CodeIgniter.php(466): CodeIgniter\CodeIgniter->runController(Object(App\Controllers\Pegawai))
 7 SYSTEMPATH\CodeIgniter.php(349): CodeIgniter\CodeIgniter->handleRequest(null, Object(Config\Cache), false)
 8 FCPATH\index.php(55): CodeIgniter\CodeIgniter->run()
 9 SYSTEMPATH\Commands\Server\rewrite.php(43): require_once('FCPATH\\index.php')
CRITICAL - 2022-08-22 12:03:28 --> Call to a member function links() on null
in APPPATH\Views\pegawai.php on line 105.
 1 SYSTEMPATH\View\View.php(213): include()
 2 SYSTEMPATH\View\View.php(216): CodeIgniter\View\View->CodeIgniter\View\{closure}()
 3 SYSTEMPATH\Common.php(1135): CodeIgniter\View\View->render('pegawai', [], true)
 4 APPPATH\Controllers\Pegawai.php(25): view('pegawai', [...])
 5 SYSTEMPATH\CodeIgniter.php(896): App\Controllers\Pegawai->index()
 6 SYSTEMPATH\CodeIgniter.php(466): CodeIgniter\CodeIgniter->runController(Object(App\Controllers\Pegawai))
 7 SYSTEMPATH\CodeIgniter.php(349): CodeIgniter\CodeIgniter->handleRequest(null, Object(Config\Cache), false)
 8 FCPATH\index.php(55): CodeIgniter\CodeIgniter->run()
 9 SYSTEMPATH\Commands\Server\rewrite.php(43): require_once('FCPATH\\index.php')
CRITICAL - 2022-08-22 12:03:28 --> Call to a member function links() on null
in APPPATH\Views\pegawai.php on line 105.
 1 SYSTEMPATH\View\View.php(213): include()
 2 SYSTEMPATH\View\View.php(216): CodeIgniter\View\View->CodeIgniter\View\{closure}()
 3 SYSTEMPATH\Common.php(1135): CodeIgniter\View\View->render('pegawai', [], true)
 4 APPPATH\Controllers\Pegawai.php(25): view('pegawai', [...])
 5 SYSTEMPATH\CodeIgniter.php(896): App\Controllers\Pegawai->index()
 6 SYSTEMPATH\CodeIgniter.php(466): CodeIgniter\CodeIgniter->runController(Object(App\Controllers\Pegawai))
 7 SYSTEMPATH\CodeIgniter.php(349): CodeIgniter\CodeIgniter->handleRequest(null, Object(Config\Cache), false)
 8 FCPATH\index.php(55): CodeIgniter\CodeIgniter->run()
 9 SYSTEMPATH\Commands\Server\rewrite.php(43): require_once('FCPATH\\index.php')
CRITICAL - 2022-08-22 12:03:28 --> Call to a member function links() on null
in APPPATH\Views\pegawai.php on line 105.
 1 SYSTEMPATH\View\View.php(213): include()
 2 SYSTEMPATH\View\View.php(216): CodeIgniter\View\View->CodeIgniter\View\{closure}()
 3 SYSTEMPATH\Common.php(1135): CodeIgniter\View\View->render('pegawai', [], true)
 4 APPPATH\Controllers\Pegawai.php(25): view('pegawai', [...])
 5 SYSTEMPATH\CodeIgniter.php(896): App\Controllers\Pegawai->index()
 6 SYSTEMPATH\CodeIgniter.php(466): CodeIgniter\CodeIgniter->runController(Object(App\Controllers\Pegawai))
 7 SYSTEMPATH\CodeIgniter.php(349): CodeIgniter\CodeIgniter->handleRequest(null, Object(Config\Cache), false)
 8 FCPATH\index.php(55): CodeIgniter\CodeIgniter->run()
 9 SYSTEMPATH\Commands\Server\rewrite.php(43): require_once('FCPATH\\index.php')
CRITICAL - 2022-08-22 12:04:57 --> Call to a member function links() on null
in APPPATH\Views\pegawai.php on line 105.
 1 SYSTEMPATH\View\View.php(213): include()
 2 SYSTEMPATH\View\View.php(216): CodeIgniter\View\View->CodeIgniter\View\{closure}()
 3 SYSTEMPATH\Common.php(1135): CodeIgniter\View\View->render('pegawai', [], true)
 4 APPPATH\Controllers\Pegawai.php(25): view('pegawai', [...])
 5 SYSTEMPATH\CodeIgniter.php(896): App\Controllers\Pegawai->index()
 6 SYSTEMPATH\CodeIgniter.php(466): CodeIgniter\CodeIgniter->runController(Object(App\Controllers\Pegawai))
 7 SYSTEMPATH\CodeIgniter.php(349): CodeIgniter\CodeIgniter->handleRequest(null, Object(Config\Cache), false)
 8 FCPATH\index.php(55): CodeIgniter\CodeIgniter->run()
 9 SYSTEMPATH\Commands\Server\rewrite.php(43): require_once('FCPATH\\index.php')
CRITICAL - 2022-08-22 12:13:22 --> Call to a member function links() on null
in APPPATH\Views\pegawai.php on line 105.
 1 SYSTEMPATH\View\View.php(213): include()
 2 SYSTEMPATH\View\View.php(216): CodeIgniter\View\View->CodeIgniter\View\{closure}()
 3 SYSTEMPATH\Common.php(1135): CodeIgniter\View\View->render('pegawai', [], true)
 4 APPPATH\Controllers\Pegawai.php(25): view('pegawai', [...])
 5 SYSTEMPATH\CodeIgniter.php(896): App\Controllers\Pegawai->index()
 6 SYSTEMPATH\CodeIgniter.php(466): CodeIgniter\CodeIgniter->runController(Object(App\Controllers\Pegawai))
 7 SYSTEMPATH\CodeIgniter.php(349): CodeIgniter\CodeIgniter->handleRequest(null, Object(Config\Cache), false)
 8 FCPATH\index.php(55): CodeIgniter\CodeIgniter->run()
 9 SYSTEMPATH\Commands\Server\rewrite.php(43): require_once('FCPATH\\index.php')
CRITICAL - 2022-08-22 12:18:11 --> Undefined property: App\Controllers\Pegawai::$pegawaiModel
in APPPATH\Controllers\Pegawai.php on line 23.
 1 APPPATH\Controllers\Pegawai.php(23): CodeIgniter\Debug\Exceptions->errorHandler(2, 'Undefined property: App\\Controllers\\Pegawai::$pegawaiModel', 'APPPATH\\Controllers\\Pegawai.php', 23)
 2 SYSTEMPATH\CodeIgniter.php(896): App\Controllers\Pegawai->index()
 3 SYSTEMPATH\CodeIgniter.php(466): CodeIgniter\CodeIgniter->runController(Object(App\Controllers\Pegawai))
 4 SYSTEMPATH\CodeIgniter.php(349): CodeIgniter\CodeIgniter->handleRequest(null, Object(Config\Cache), false)
 5 FCPATH\index.php(55): CodeIgniter\CodeIgniter->run()
 6 SYSTEMPATH\Commands\Server\rewrite.php(43): require_once('FCPATH\\index.php')
CRITICAL - 2022-08-22 12:18:49 --> Call to a member function links() on null
in APPPATH\Views\pegawai.php on line 105.
 1 SYSTEMPATH\View\View.php(213): include()
 2 SYSTEMPATH\View\View.php(216): CodeIgniter\View\View->CodeIgniter\View\{closure}()
 3 SYSTEMPATH\Common.php(1135): CodeIgniter\View\View->render('pegawai', [], true)
 4 APPPATH\Controllers\Pegawai.php(33): view('pegawai', [...])
 5 SYSTEMPATH\CodeIgniter.php(896): App\Controllers\Pegawai->index()
 6 SYSTEMPATH\CodeIgniter.php(466): CodeIgniter\CodeIgniter->runController(Object(App\Controllers\Pegawai))
 7 SYSTEMPATH\CodeIgniter.php(349): CodeIgniter\CodeIgniter->handleRequest(null, Object(Config\Cache), false)
 8 FCPATH\index.php(55): CodeIgniter\CodeIgniter->run()
 9 SYSTEMPATH\Commands\Server\rewrite.php(43): require_once('FCPATH\\index.php')
CRITICAL - 2022-08-22 12:19:07 --> Call to a member function links() on null
in APPPATH\Views\pegawai.php on line 105.
 1 SYSTEMPATH\View\View.php(213): include()
 2 SYSTEMPATH\View\View.php(216): CodeIgniter\View\View->CodeIgniter\View\{closure}()
 3 SYSTEMPATH\Common.php(1135): CodeIgniter\View\View->render('pegawai', [], true)
 4 APPPATH\Controllers\Pegawai.php(33): view('pegawai', [...])
 5 SYSTEMPATH\CodeIgniter.php(896): App\Controllers\Pegawai->index()
 6 SYSTEMPATH\CodeIgniter.php(466): CodeIgniter\CodeIgniter->runController(Object(App\Controllers\Pegawai))
 7 SYSTEMPATH\CodeIgniter.php(349): CodeIgniter\CodeIgniter->handleRequest(null, Object(Config\Cache), false)
 8 FCPATH\index.php(55): CodeIgniter\CodeIgniter->run()
 9 SYSTEMPATH\Commands\Server\rewrite.php(43): require_once('FCPATH\\index.php')
CRITICAL - 2022-08-22 12:19:23 --> Call to a member function links() on null
in APPPATH\Views\pegawai.php on line 105.
 1 SYSTEMPATH\View\View.php(213): include()
 2 SYSTEMPATH\View\View.php(216): CodeIgniter\View\View->CodeIgniter\View\{closure}()
 3 SYSTEMPATH\Common.php(1135): CodeIgniter\View\View->render('pegawai', [], true)
 4 APPPATH\Controllers\Pegawai.php(33): view('pegawai', [...])
 5 SYSTEMPATH\CodeIgniter.php(896): App\Controllers\Pegawai->index()
 6 SYSTEMPATH\CodeIgniter.php(466): CodeIgniter\CodeIgniter->runController(Object(App\Controllers\Pegawai))
 7 SYSTEMPATH\CodeIgniter.php(349): CodeIgniter\CodeIgniter->handleRequest(null, Object(Config\Cache), false)
 8 FCPATH\index.php(55): CodeIgniter\CodeIgniter->run()
 9 SYSTEMPATH\Commands\Server\rewrite.php(43): require_once('FCPATH\\index.php')
CRITICAL - 2022-08-22 12:20:24 --> Call to a member function links() on null
in APPPATH\Views\pegawai.php on line 105.
 1 SYSTEMPATH\View\View.php(213): include()
 2 SYSTEMPATH\View\View.php(216): CodeIgniter\View\View->CodeIgniter\View\{closure}()
 3 SYSTEMPATH\Common.php(1135): CodeIgniter\View\View->render('pegawai', [], true)
 4 APPPATH\Controllers\Pegawai.php(33): view('pegawai', [...])
 5 SYSTEMPATH\CodeIgniter.php(896): App\Controllers\Pegawai->index()
 6 SYSTEMPATH\CodeIgniter.php(466): CodeIgniter\CodeIgniter->runController(Object(App\Controllers\Pegawai))
 7 SYSTEMPATH\CodeIgniter.php(349): CodeIgniter\CodeIgniter->handleRequest(null, Object(Config\Cache), false)
 8 FCPATH\index.php(55): CodeIgniter\CodeIgniter->run()
 9 SYSTEMPATH\Commands\Server\rewrite.php(43): require_once('FCPATH\\index.php')
CRITICAL - 2022-08-22 12:20:26 --> Call to a member function links() on null
in APPPATH\Views\pegawai.php on line 105.
 1 SYSTEMPATH\View\View.php(213): include()
 2 SYSTEMPATH\View\View.php(216): CodeIgniter\View\View->CodeIgniter\View\{closure}()
 3 SYSTEMPATH\Common.php(1135): CodeIgniter\View\View->render('pegawai', [], true)
 4 APPPATH\Controllers\Pegawai.php(33): view('pegawai', [...])
 5 SYSTEMPATH\CodeIgniter.php(896): App\Controllers\Pegawai->index()
 6 SYSTEMPATH\CodeIgniter.php(466): CodeIgniter\CodeIgniter->runController(Object(App\Controllers\Pegawai))
 7 SYSTEMPATH\CodeIgniter.php(349): CodeIgniter\CodeIgniter->handleRequest(null, Object(Config\Cache), false)
 8 FCPATH\index.php(55): CodeIgniter\CodeIgniter->run()
 9 SYSTEMPATH\Commands\Server\rewrite.php(43): require_once('FCPATH\\index.php')
CRITICAL - 2022-08-22 12:20:27 --> Call to a member function links() on null
in APPPATH\Views\pegawai.php on line 105.
 1 SYSTEMPATH\View\View.php(213): include()
 2 SYSTEMPATH\View\View.php(216): CodeIgniter\View\View->CodeIgniter\View\{closure}()
 3 SYSTEMPATH\Common.php(1135): CodeIgniter\View\View->render('pegawai', [], true)
 4 APPPATH\Controllers\Pegawai.php(33): view('pegawai', [...])
 5 SYSTEMPATH\CodeIgniter.php(896): App\Controllers\Pegawai->index()
 6 SYSTEMPATH\CodeIgniter.php(466): CodeIgniter\CodeIgniter->runController(Object(App\Controllers\Pegawai))
 7 SYSTEMPATH\CodeIgniter.php(349): CodeIgniter\CodeIgniter->handleRequest(null, Object(Config\Cache), false)
 8 FCPATH\index.php(55): CodeIgniter\CodeIgniter->run()
 9 SYSTEMPATH\Commands\Server\rewrite.php(43): require_once('FCPATH\\index.php')
CRITICAL - 2022-08-22 12:25:36 --> Undefined variable $datapegawai
in APPPATH\Views\pegawai.php on line 68.
 1 APPPATH\Views\pegawai.php(68): CodeIgniter\Debug\Exceptions->errorHandler(2, 'Undefined variable $datapegawai', 'APPPATH\\Views\\pegawai.php', 68)
 2 SYSTEMPATH\View\View.php(213): include('APPPATH\\Views\\pegawai.php')
 3 SYSTEMPATH\View\View.php(216): CodeIgniter\View\View->CodeIgniter\View\{closure}()
 4 SYSTEMPATH\Common.php(1135): CodeIgniter\View\View->render('pegawai', [], true)
 5 APPPATH\Controllers\Pegawai.php(33): view('pegawai', [...])
 6 SYSTEMPATH\CodeIgniter.php(896): App\Controllers\Pegawai->index()
 7 SYSTEMPATH\CodeIgniter.php(466): CodeIgniter\CodeIgniter->runController(Object(App\Controllers\Pegawai))
 8 SYSTEMPATH\CodeIgniter.php(349): CodeIgniter\CodeIgniter->handleRequest(null, Object(Config\Cache), false)
 9 FCPATH\index.php(55): CodeIgniter\CodeIgniter->run()
10 SYSTEMPATH\Commands\Server\rewrite.php(43): require_once('FCPATH\\index.php')
ERROR - 2022-08-22 15:05:46 --> Error connecting to the database: No connection could be made because the target machine actively refused it
CRITICAL - 2022-08-22 15:05:46 --> Unable to connect to the database.
Main connection [MySQLi]: No connection could be made because the target machine actively refused it
in SYSTEMPATH\Database\BaseConnection.php on line 416.
 1 SYSTEMPATH\Database\BaseConnection.php(586): CodeIgniter\Database\BaseConnection->initialize()
 2 SYSTEMPATH\Database\BaseBuilder.php(1585): CodeIgniter\Database\BaseConnection->query('SELECT *
FROM `dashboard_pegawai`', [], false)
 3 SYSTEMPATH\Model.php(222): CodeIgniter\Database\BaseBuilder->get()
 4 SYSTEMPATH\BaseModel.php(584): CodeIgniter\Model->doFindAll(0, 0)
 5 APPPATH\Controllers\Home.php(16): CodeIgniter\BaseModel->findAll()
 6 SYSTEMPATH\CodeIgniter.php(896): App\Controllers\Home->index()
 7 SYSTEMPATH\CodeIgniter.php(466): CodeIgniter\CodeIgniter->runController(Object(App\Controllers\Home))
 8 SYSTEMPATH\CodeIgniter.php(349): CodeIgniter\CodeIgniter->handleRequest(null, Object(Config\Cache), false)
 9 FCPATH\index.php(55): CodeIgniter\CodeIgniter->run()
10 SYSTEMPATH\Commands\Server\rewrite.php(43): require_once('FCPATH\\index.php')
ERROR - 2022-08-22 15:05:50 --> Error connecting to the database: No connection could be made because the target machine actively refused it
CRITICAL - 2022-08-22 15:05:50 --> Unable to connect to the database.
Main connection [MySQLi]: No connection could be made because the target machine actively refused it
in SYSTEMPATH\Database\BaseConnection.php on line 416.
 1 SYSTEMPATH\Database\BaseConnection.php(586): CodeIgniter\Database\BaseConnection->initialize()
 2 SYSTEMPATH\Database\BaseBuilder.php(1585): CodeIgniter\Database\BaseConnection->query('SELECT *
FROM `dashboard_pegawai`', [], false)
 3 SYSTEMPATH\Model.php(222): CodeIgniter\Database\BaseBuilder->get()
 4 SYSTEMPATH\BaseModel.php(584): CodeIgniter\Model->doFindAll(0, 0)
 5 APPPATH\Controllers\Home.php(16): CodeIgniter\BaseModel->findAll()
 6 SYSTEMPATH\CodeIgniter.php(896): App\Controllers\Home->index()
 7 SYSTEMPATH\CodeIgniter.php(466): CodeIgniter\CodeIgniter->runController(Object(App\Controllers\Home))
 8 SYSTEMPATH\CodeIgniter.php(349): CodeIgniter\CodeIgniter->handleRequest(null, Object(Config\Cache), false)
 9 FCPATH\index.php(55): CodeIgniter\CodeIgniter->run()
10 SYSTEMPATH\Commands\Server\rewrite.php(43): require_once('FCPATH\\index.php')
CRITICAL - 2022-08-22 17:09:39 --> Undefined array key "gaji_pokok"
in APPPATH\Views\gaji.php on line 53.
 1 APPPATH\Views\gaji.php(53): CodeIgniter\Debug\Exceptions->errorHandler(2, 'Undefined array key "gaji_pokok"', 'APPPATH\\Views\\gaji.php', 53)
 2 SYSTEMPATH\View\View.php(213): include('APPPATH\\Views\\gaji.php')
 3 SYSTEMPATH\View\View.php(216): CodeIgniter\View\View->CodeIgniter\View\{closure}()
 4 SYSTEMPATH\Common.php(1135): CodeIgniter\View\View->render('gaji', [], true)
 5 APPPATH\Controllers\Gaji.php(22): view('gaji', [...])
 6 SYSTEMPATH\CodeIgniter.php(896): App\Controllers\Gaji->index()
 7 SYSTEMPATH\CodeIgniter.php(466): CodeIgniter\CodeIgniter->runController(Object(App\Controllers\Gaji))
 8 SYSTEMPATH\CodeIgniter.php(349): CodeIgniter\CodeIgniter->handleRequest(null, Object(Config\Cache), false)
 9 FCPATH\index.php(55): CodeIgniter\CodeIgniter->run()
10 SYSTEMPATH\Commands\Server\rewrite.php(43): require_once('FCPATH\\index.php')
CRITICAL - 2022-08-22 17:10:43 --> Undefined array key "gaji_pokok"
in APPPATH\Views\gaji.php on line 53.
 1 APPPATH\Views\gaji.php(53): CodeIgniter\Debug\Exceptions->errorHandler(2, 'Undefined array key "gaji_pokok"', 'APPPATH\\Views\\gaji.php', 53)
 2 SYSTEMPATH\View\View.php(213): include('APPPATH\\Views\\gaji.php')
 3 SYSTEMPATH\View\View.php(216): CodeIgniter\View\View->CodeIgniter\View\{closure}()
 4 SYSTEMPATH\Common.php(1135): CodeIgniter\View\View->render('gaji', [], true)
 5 APPPATH\Controllers\Gaji.php(22): view('gaji', [...])
 6 SYSTEMPATH\CodeIgniter.php(896): App\Controllers\Gaji->index()
 7 SYSTEMPATH\CodeIgniter.php(466): CodeIgniter\CodeIgniter->runController(Object(App\Controllers\Gaji))
 8 SYSTEMPATH\CodeIgniter.php(349): CodeIgniter\CodeIgniter->handleRequest(null, Object(Config\Cache), false)
 9 FCPATH\index.php(55): CodeIgniter\CodeIgniter->run()
10 SYSTEMPATH\Commands\Server\rewrite.php(43): require_once('FCPATH\\index.php')
